
> commit-to-workflow@1.0.0 analyze
> tsx src/index.ts

🚀 Orchestrator Triggered
Analyzing Commit: HEAD
🚀 Orchestrator CLI Triggered
Analyzing Commit: HEAD
✅ Analysis Complete (Simulation)
🚀 Orchestrator CLI Triggered
Analyzing Commit: HEAD
✅ Analysis Complete (Simulation)
🚀 Orchestrator CLI Triggered
Analyzing Commit: HEAD
✅ Analysis Complete (Simulation)
/Users/anujkumar.gupta/Desktop/Dev-work/repos/R&D/commit-to-workflow/venv/lib/python3.9/site-packages/urllib3/__init__.py:35: NotOpenSSLWarning: urllib3 v2 only supports OpenSSL 1.1.1+, currently the 'ssl' module is compiled with 'LibreSSL 2.8.3'. See: https://github.com/urllib3/urllib3/issues/3020
  warnings.warn(
🚀 Starting World-Class Analysis for: HEAD
🏛️  Architect Agent analyzing...
🛡️  Security Agent scanning...
🧬 Synthesis Agent consolidating intent...
✅ Documentation updated: docs/architecture.md
✅ Workflow Synthesis Complete for HEAD
